__init__: ((4, 2), (1, 3), (2, 4)), {}
__init__: ((1, 1), (3, 1), (2, 2)), {}
__init__: ((0, 0), (2, 3), (4, 0)), {}
__init__: ((1, 1), (2, 2), (3, 3)), {}
__bool__: (), {}
__abs__: (), {}
__abs__: (), {}
__bool__: (), {}
__abs__: (), {}
__abs__: (), {}
__bool__: (), {}
__abs__: (), {}
__abs__: (), {}
__bool__: (), {}
__abs__: (), {}
__abs__: (), {}
r(True):2.0 s(True):1.0 t(True):6.0 o(False):0
__lt__: (<__main__.Triangle object at 0x7f2e64e2bb20>,), {}
__abs__: (), {}
__abs__: (), {}
__lt__: (<__main__.Triangle object at 0x7f2e64e2bb20>,), {}
__abs__: (), {}
__abs__: (), {}
__lt__: (<__main__.Triangle object at 0x7f2e64e2bb20>,), {}
__abs__: (), {}
__abs__: (), {}
__lt__: (<__main__.Triangle object at 0x7f2e64e2bb80>,), {}
__abs__: (), {}
__abs__: (), {}
s < t=True, o < t=True, r < t=True, r < s=False
__contains__: (<__main__.Triangle object at 0x7f2e64e2bb80>,), {}
__bool__: (), {}
__abs__: (), {}
__contains__: (<__main__.Triangle object at 0x7f2e64e2bac0>,), {}
__bool__: (), {}
__abs__: (), {}
__contains__: (<__main__.Triangle object at 0x7f2e64e2bbe0>,), {}
__bool__: (), {}
__abs__: (), {}
s in t=True, o in t=True, r in t=False
__and__: (<__main__.Triangle object at 0x7f2e64e2bb20>,), {}
__bool__: (), {}
__abs__: (), {}
__bool__: (), {}
__abs__: (), {}
__and__: (<__main__.Triangle object at 0x7f2e64e2bbe0>,), {}
__bool__: (), {}
__abs__: (), {}
__bool__: (), {}
__abs__: (), {}
__and__: (<__main__.Triangle object at 0x7f2e64e2bbe0>,), {}
__bool__: (), {}
__abs__: (), {}
__bool__: (), {}
__abs__: (), {}
__and__: (<__main__.Triangle object at 0x7f2e64e2bb20>,), {}
__bool__: (), {}
__abs__: (), {}
r & t=True, t & r=True, s & r=False, o & t=False
